<?xml version="1.0" encoding="UTF-8"?>
<!-- Generated by org.testng.reporters.JUnitXMLReporter -->
<testsuite ignored="0" hostname="DESKTOP-HQT2HP1" failures="0" tests="2" name="Default test" time="3.855" errors="0" timestamp="2023-09-30T12:32:28 EDT">
  <testcase classname="com.facebook.pom_PageFactory.LoginTestWithPageFactory" name="boundaryLoginTest" time="0.105"/>
  <testcase classname="com.facebook.pom_PageFactory.LoginTestWithPageFactory" name="validLoginTest" time="0.09"/>
</testsuite> <!-- Default test -->
