<?xml version="1.0" encoding="UTF-8"?>
<!-- Generated by org.testng.reporters.JUnitXMLReporter -->
<testsuite ignored="0" hostname="DESKTOP-HQT2HP1" failures="0" tests="2" name="Default test" time="7.258" errors="0" timestamp="2023-09-24T13:05:54 EDT">
  <testcase classname="com.facebook.pageObjectModel_LoginTests.LoginTest" name="validLoginTest" time="0.13"/>
  <testcase classname="com.facebook.pageObjectModel_LoginTests.LoginTest" name="invalidLoginTest" time="0.113"/>
</testsuite> <!-- Default test -->
