<?xml version="1.0" encoding="UTF-8"?>
<testng-results ignored="0" total="2" passed="2" failed="0" skipped="0">
  <reporter-output>
  </reporter-output>
  <suite started-at="2023-09-24T13:05:47 EDT" name="Default suite" finished-at="2023-09-24T13:05:54 EDT" duration-ms="7258">
    <groups>
    </groups>
    <test started-at="2023-09-24T13:05:47 EDT" name="Default test" finished-at="2023-09-24T13:05:54 EDT" duration-ms="7258">
      <class name="com.facebook.pageObjectModel_LoginTests.LoginTest">
        <test-method is-config="true" signature="openApp()[pri:0, instance:com.facebook.pageObjectModel_LoginTests.LoginTest@34123d65]" started-at="2023-09-24T13:05:47 EDT" name="openApp" finished-at="2023-09-24T13:05:51 EDT" duration-ms="3373" status="PASS">
          <reporter-output>
          </reporter-output>
        </test-method> <!-- openApp -->
        <test-method signature="validLoginTest()[pri:1, instance:com.facebook.pageObjectModel_LoginTests.LoginTest@34123d65]" started-at="2023-09-24T13:05:51 EDT" name="validLoginTest" finished-at="2023-09-24T13:05:51 EDT" duration-ms="130" status="PASS">
          <reporter-output>
          </reporter-output>
        </test-method> <!-- validLoginTest -->
        <test-method is-config="true" signature="closeApp()[pri:0, instance:com.facebook.pageObjectModel_LoginTests.LoginTest@34123d65]" started-at="2023-09-24T13:05:51 EDT" name="closeApp" finished-at="2023-09-24T13:05:51 EDT" duration-ms="66" status="PASS">
          <reporter-output>
          </reporter-output>
        </test-method> <!-- closeApp -->
        <test-method is-config="true" signature="openApp()[pri:0, instance:com.facebook.pageObjectModel_LoginTests.LoginTest@34123d65]" started-at="2023-09-24T13:05:51 EDT" name="openApp" finished-at="2023-09-24T13:05:54 EDT" duration-ms="3456" status="PASS">
          <reporter-output>
          </reporter-output>
        </test-method> <!-- openApp -->
        <test-method signature="invalidLoginTest()[pri:2, instance:com.facebook.pageObjectModel_LoginTests.LoginTest@34123d65]" started-at="2023-09-24T13:05:54 EDT" name="invalidLoginTest" finished-at="2023-09-24T13:05:54 EDT" duration-ms="113" status="PASS">
          <reporter-output>
          </reporter-output>
        </test-method> <!-- invalidLoginTest -->
        <test-method is-config="true" signature="closeApp()[pri:0, instance:com.facebook.pageObjectModel_LoginTests.LoginTest@34123d65]" started-at="2023-09-24T13:05:54 EDT" name="closeApp" finished-at="2023-09-24T13:05:54 EDT" duration-ms="100" status="PASS">
          <reporter-output>
          </reporter-output>
        </test-method> <!-- closeApp -->
      </class> <!-- com.facebook.pageObjectModel_LoginTests.LoginTest -->
    </test> <!-- Default test -->
  </suite> <!-- Default suite -->
</testng-results>
