<?xml version="1.0" encoding="UTF-8"?>
<testng-results ignored="0" total="1" passed="1" failed="0" skipped="0">
  <reporter-output>
  </reporter-output>
  <suite started-at="2023-09-16T23:57:47 EDT" name="Default suite" finished-at="2023-09-16T23:57:49 EDT" duration-ms="1862">
    <groups>
    </groups>
    <test started-at="2023-09-16T23:57:47 EDT" name="Default test" finished-at="2023-09-16T23:57:49 EDT" duration-ms="1862">
      <class name="com.facebook.com.FacebookTest">
        <test-method signature="openApplication()[pri:0, instance:com.facebook.com.FacebookTest@38d8f54a]" started-at="2023-09-16T23:57:47 EDT" name="openApplication" finished-at="2023-09-16T23:57:49 EDT" duration-ms="1842" status="PASS">
          <reporter-output>
          </reporter-output>
        </test-method> <!-- openApplication -->
      </class> <!-- com.facebook.com.FacebookTest -->
    </test> <!-- Default test -->
  </suite> <!-- Default suite -->
</testng-results>
